<?xml version="1.0" encoding="UTF-8"?>
<!-- Generated by org.testng.reporters.JUnitReportReporter -->
<testsuite hostname="LAPTOP-UU6C2M3F" failures="0" tests="1" name="org.testngreadwriteconcept.Simple" time="2.880" errors="0" timestamp="2022-08-23T19:50:05 IST" skipped="0">
  <testcase classname="org.testngreadwriteconcept.Simple" name="login" time="2.880"/>
  <system-out/>
</testsuite> <!-- org.testngreadwriteconcept.Simple -->
