<?xml version="1.0" encoding="UTF-8"?>
<!-- Generated by org.testng.reporters.JUnitReportReporter -->
<testsuite hostname="LAPTOP-UU6C2M3F" failures="0" tests="1" name="org.testngtask.sabasir.AdactinUsingTestngTool" time="13.744" errors="0" timestamp="2022-08-07T19:45:20 IST" skipped="0">
  <testcase classname="org.testngtask.sabasir.AdactinUsingTestngTool" name="loginPage" time="13.744"/>
  <system-out/>
</testsuite> <!-- org.testngtask.sabasir.AdactinUsingTestngTool -->
