<?xml version="1.0" encoding="UTF-8"?>
<!-- Generated by org.testng.reporters.JUnitReportReporter -->
<testsuite hostname="LAPTOP-UU6C2M3F" failures="0" tests="5" name="com.testngrunonsuitleveltask.ClassA2" time="0.020" errors="0" timestamp="2022-08-09T10:41:31 IST" skipped="0">
  <testcase classname="com.testngrunonsuitleveltask.ClassA2" name="method12" time="0.002"/>
  <system-out/>
  <testcase classname="com.testngrunonsuitleveltask.ClassA2" name="method11" time="0.001"/>
  <system-out/>
  <testcase classname="com.testngrunonsuitleveltask.ClassA2" name="method8" time="0.003"/>
  <system-out/>
  <testcase classname="com.testngrunonsuitleveltask.ClassA2" name="method9" time="0.002"/>
  <system-out/>
  <testcase classname="com.testngrunonsuitleveltask.ClassA2" name="method10" time="0.012"/>
  <system-out/>
</testsuite> <!-- com.testngrunonsuitleveltask.ClassA2 -->
