<?xml version="1.0" encoding="UTF-8"?>
<!-- Generated by org.testng.reporters.JUnitReportReporter -->
<testsuite hostname="LAPTOP-UU6C2M3F" failures="0" tests="8" name="org.testngtask.sabasir.TestNgPrirorityInvocationAndEnabel" time="0.033" errors="0" timestamp="2022-08-06T16:16:12 IST" skipped="1">
  <testcase classname="org.testngtask.sabasir.TestNgPrirorityInvocationAndEnabel" name="tc02" time="0.016"/>
  <system-out/>
  <testcase classname="org.testngtask.sabasir.TestNgPrirorityInvocationAndEnabel" name="tc04" time="0.001"/>
  <system-out/>
  <testcase classname="org.testngtask.sabasir.TestNgPrirorityInvocationAndEnabel" name="tc03" time="0.006"/>
  <system-out/>
  <testcase classname="org.testngtask.sabasir.TestNgPrirorityInvocationAndEnabel" name="tc03" time="0.002"/>
  <system-out/>
  <testcase classname="org.testngtask.sabasir.TestNgPrirorityInvocationAndEnabel" name="tc03" time="0.003"/>
  <system-out/>
  <testcase classname="org.testngtask.sabasir.TestNgPrirorityInvocationAndEnabel" name="tc03" time="0.003"/>
  <system-out/>
  <testcase classname="org.testngtask.sabasir.TestNgPrirorityInvocationAndEnabel" name="tc03" time="0.002"/>
  <system-out/>
  <testcase classname="org.testngtask.sabasir.TestNgPrirorityInvocationAndEnabel" name="tc01">
    <skipped/>
  </testcase> <!-- tc01 -->
  <system-out/>
</testsuite> <!-- org.testngtask.sabasir.TestNgPrirorityInvocationAndEnabel -->
