<?xml version="1.0" encoding="UTF-8"?>
<!-- Generated by org.testng.reporters.JUnitReportReporter -->
<testsuite hostname="LAPTOP-UU6C2M3F" failures="0" tests="6" name="org.testngtask.sabasir.StepsToRunTestNg" time="0.074" errors="0" timestamp="2022-08-07T18:45:01 IST" skipped="0">
  <testcase classname="org.testngtask.sabasir.StepsToRunTestNg" name="tc06" time="0.010"/>
  <system-out/>
  <testcase classname="org.testngtask.sabasir.StepsToRunTestNg" name="tc03" time="0.011"/>
  <system-out/>
  <testcase classname="org.testngtask.sabasir.StepsToRunTestNg" name="tc02" time="0.010"/>
  <system-out/>
  <testcase classname="org.testngtask.sabasir.StepsToRunTestNg" name="tc04" time="0.014"/>
  <system-out/>
  <testcase classname="org.testngtask.sabasir.StepsToRunTestNg" name="tc05" time="0.019"/>
  <system-out/>
  <testcase classname="org.testngtask.sabasir.StepsToRunTestNg" name="tc07" time="0.010"/>
  <system-out/>
</testsuite> <!-- org.testngtask.sabasir.StepsToRunTestNg -->
