<?xml version="1.0" encoding="UTF-8"?>
<!-- Generated by org.testng.reporters.JUnitReportReporter -->
<testsuite hostname="LAPTOP-UU6C2M3F" failures="0" tests="5" name="com.testngrunonsuitleveltask.ClassA3" time="0.051" errors="0" timestamp="2022-08-09T10:34:43 IST" skipped="0">
  <testcase classname="com.testngrunonsuitleveltask.ClassA3" name="method4" time="0.023"/>
  <system-out/>
  <testcase classname="com.testngrunonsuitleveltask.ClassA3" name="method3" time="0.002"/>
  <system-out/>
  <testcase classname="com.testngrunonsuitleveltask.ClassA3" name="method2" time="0.009"/>
  <system-out/>
  <testcase classname="com.testngrunonsuitleveltask.ClassA3" name="method1" time="0.015"/>
  <system-out/>
  <testcase classname="com.testngrunonsuitleveltask.ClassA3" name="method5" time="0.002"/>
  <system-out/>
</testsuite> <!-- com.testngrunonsuitleveltask.ClassA3 -->
