<?xml version="1.0" encoding="UTF-8"?>
<!-- Generated by org.testng.reporters.JUnitReportReporter -->
<testsuite hostname="LAPTOP-UU6C2M3F" failures="0" tests="4" name="org.testngtask.sabasir.DataProviderInTestNg" time="28.504" errors="0" timestamp="2022-08-13T20:06:52 IST" skipped="0">
  <testcase classname="org.testngtask.sabasir.DataProviderInTestNg" name="adctinLogin" time="6.495"/>
  <system-out/>
  <testcase classname="org.testngtask.sabasir.DataProviderInTestNg" name="adctinLogin" time="4.971"/>
  <system-out/>
  <testcase classname="org.testngtask.sabasir.DataProviderInTestNg" name="adctinLogin" time="10.494"/>
  <system-out/>
  <testcase classname="org.testngtask.sabasir.DataProviderInTestNg" name="adctinLogin" time="6.544"/>
  <system-out/>
</testsuite> <!-- org.testngtask.sabasir.DataProviderInTestNg -->
