<?xml version="1.0" encoding="UTF-8"?>
<!-- Generated by org.testng.reporters.JUnitReportReporter -->
<testsuite hostname="LAPTOP-UU6C2M3F" failures="0" tests="7" name="com.testngrunonsuitleveltask.ClassA" time="0.084" errors="0" timestamp="2022-08-09T10:42:44 IST" skipped="0">
  <testcase classname="com.testngrunonsuitleveltask.ClassA" name="method6" time="0.004"/>
  <system-out/>
  <testcase classname="com.testngrunonsuitleveltask.ClassA" name="method5" time="0.014"/>
  <system-out/>
  <testcase classname="com.testngrunonsuitleveltask.ClassA" name="method7" time="0.005"/>
  <system-out/>
  <testcase classname="com.testngrunonsuitleveltask.ClassA" name="method2" time="0.015"/>
  <system-out/>
  <testcase classname="com.testngrunonsuitleveltask.ClassA" name="method3" time="0.015"/>
  <system-out/>
  <testcase classname="com.testngrunonsuitleveltask.ClassA" name="method1" time="0.016"/>
  <system-out/>
  <testcase classname="com.testngrunonsuitleveltask.ClassA" name="method4" time="0.015"/>
  <system-out/>
</testsuite> <!-- com.testngrunonsuitleveltask.ClassA -->
