<?xml version="1.0" encoding="UTF-8"?>
<!-- Generated by org.testng.reporters.JUnitReportReporter -->
<testsuite hostname="LAPTOP-UU6C2M3F" failures="0" tests="7" name="org.testngtask.sabasir.TestNgDataProviderInDiffClassUsingAdactinHotel" time="202.087" errors="1" timestamp="2022-08-13T23:14:46 IST" skipped="0">
  <testcase classname="org.testngtask.sabasir.TestNgDataProviderInDiffClassUsingAdactinHotel" name="browserLanunchAndLoginFunction" time="16.502"/>
  <system-out/>
  <testcase classname="org.testngtask.sabasir.TestNgDataProviderInDiffClassUsingAdactinHotel" name="browserLanunchAndLoginFunction" time="17.669"/>
  <system-out/>
  <testcase classname="org.testngtask.sabasir.TestNgDataProviderInDiffClassUsingAdactinHotel" name="browserLanunchAndLoginFunction" time="16.168"/>
  <system-out/>
  <testcase classname="org.testngtask.sabasir.TestNgDataProviderInDiffClassUsingAdactinHotel" name="browserLanunchAndLoginFunction" time="15.458"/>
  <system-out/>
  <testcase classname="org.testngtask.sabasir.TestNgDataProviderInDiffClassUsingAdactinHotel" name="browserLanunchAndLoginFunction" time="101.067">
    <error message="
[private void org.testngtask.sabasir.TestNgDataProviderInDiffClassUsingAdactinHotel.browserLanunchAndLoginFunction(java.lang.String,java.lang.String,java.lang.String,java.lang.String,java.lang.String,java.lang.String,java.lang.String,java.lang.String,java.lang.String,java.lang.String,java.lang.String,java.lang.String,java.lang.String,java.lang.String,java.lang.String,java.lang.String,java.lang.String,java.lang.String)] has no parameters defined but was found to be using a data provider (either explicitly specified or inherited from class level annotation).
Data provider mismatch
Method: browserLanunchAndLoginFunction([java.lang.String arg0, java.lang.String arg1, java.lang.String arg2, java.lang.String arg3, java.lang.String arg4, java.lang.String arg5, java.lang.String arg6, java.lang.String arg7, java.lang.String arg8, java.lang.String arg9, java.lang.String arg10, java.lang.String arg11, java.lang.String arg12, java.lang.String arg13, java.lang.String arg14, java.lang.String arg15, java.lang.String arg16, java.lang.String arg17])
Arguments: [(java.lang.String) sathishFam,(java.lang.String) 741@85BN,(java.lang.String) Los Angeles,(java.lang.String) Hotel Cornice,(java.lang.String) Super Deluxe,(java.lang.String) 6 - Six,(java.lang.String) 25/08/2022,(java.lang.String) 26/08/2022,(java.lang.String) 3 - Three,(java.lang.String) 0 - None,(java.lang.String) Dan,(java.lang.String) Samos,(java.lang.String) Ramsam Gundy,(java.lang.String) 1874567892534567,(java.lang.String) Other,(java.lang.String) November,(java.lang.String) 2022,(java.lang.String) 1911,(java.lang.String) ]" type="org.testng.internal.reflect.MethodMatcherException">
      <![CDATA[org.testng.internal.reflect.MethodMatcherException: 
[private void org.testngtask.sabasir.TestNgDataProviderInDiffClassUsingAdactinHotel.browserLanunchAndLoginFunction(java.lang.String,java.lang.String,java.lang.String,java.lang.String,java.lang.String,java.lang.String,java.lang.String,java.lang.String,java.lang.String,java.lang.String,java.lang.String,java.lang.String,java.lang.String,java.lang.String,java.lang.String,java.lang.String,java.lang.String,java.lang.String)] has no parameters defined but was found to be using a data provider (either explicitly specified or inherited from class level annotation).
Data provider mismatch
Method: browserLanunchAndLoginFunction([java.lang.String arg0, java.lang.String arg1, java.lang.String arg2, java.lang.String arg3, java.lang.String arg4, java.lang.String arg5, java.lang.String arg6, java.lang.String arg7, java.lang.String arg8, java.lang.String arg9, java.lang.String arg10, java.lang.String arg11, java.lang.String arg12, java.lang.String arg13, java.lang.String arg14, java.lang.String arg15, java.lang.String arg16, java.lang.String arg17])
Arguments: [(java.lang.String) sathishFam,(java.lang.String) 741@85BN,(java.lang.String) Los Angeles,(java.lang.String) Hotel Cornice,(java.lang.String) Super Deluxe,(java.lang.String) 6 - Six,(java.lang.String) 25/08/2022,(java.lang.String) 26/08/2022,(java.lang.String) 3 - Three,(java.lang.String) 0 - None,(java.lang.String) Dan,(java.lang.String) Samos,(java.lang.String) Ramsam Gundy,(java.lang.String) 1874567892534567,(java.lang.String) Other,(java.lang.String) November,(java.lang.String) 2022,(java.lang.String) 1911,(java.lang.String) ]
at org.testng.internal.reflect.DataProviderMethodMatcher.getConformingArguments(DataProviderMethodMatcher.java:46)
at org.testng.internal.Parameters.injectParameters(Parameters.java:918)
at org.testng.internal.invokers.MethodRunner.runInSequence(MethodRunner.java:37)
at org.testng.internal.invokers.TestInvoker$MethodInvocationAgent.invoke(TestInvoker.java:962)
at org.testng.internal.invokers.TestInvoker.invokeTestMethods(TestInvoker.java:194)
at org.testng.internal.invokers.TestMethodWorker.invokeTestMethods(TestMethodWorker.java:148)
at org.testng.internal.invokers.TestMethodWorker.run(TestMethodWorker.java:128)
at java.base/java.util.ArrayList.forEach(ArrayList.java:1511)
at org.testng.TestRunner.privateRun(TestRunner.java:806)
at org.testng.TestRunner.run(TestRunner.java:601)
at org.testng.SuiteRunner.runTest(SuiteRunner.java:433)
at org.testng.SuiteRunner.runSequentially(SuiteRunner.java:427)
at org.testng.SuiteRunner.privateRun(SuiteRunner.java:387)
at org.testng.SuiteRunner.run(SuiteRunner.java:330)
at org.testng.SuiteRunnerWorker.runSuite(SuiteRunnerWorker.java:52)
at org.testng.SuiteRunnerWorker.run(SuiteRunnerWorker.java:95)
at org.testng.TestNG.runSuitesSequentially(TestNG.java:1256)
at org.testng.TestNG.runSuitesLocally(TestNG.java:1176)
at org.testng.TestNG.runSuites(TestNG.java:1099)
at org.testng.TestNG.run(TestNG.java:1067)
at org.testng.remote.AbstractRemoteTestNG.run(AbstractRemoteTestNG.java:115)
at org.testng.remote.RemoteTestNG.initAndRun(RemoteTestNG.java:251)
at org.testng.remote.RemoteTestNG.main(RemoteTestNG.java:77)
]]>
    </error>
  </testcase> <!-- browserLanunchAndLoginFunction -->
  <system-out/>
  <testcase classname="org.testngtask.sabasir.TestNgDataProviderInDiffClassUsingAdactinHotel" name="browserLanunchAndLoginFunction" time="16.752"/>
  <system-out/>
  <testcase classname="org.testngtask.sabasir.TestNgDataProviderInDiffClassUsingAdactinHotel" name="browserLanunchAndLoginFunction" time="18.471"/>
  <system-out/>
</testsuite> <!-- org.testngtask.sabasir.TestNgDataProviderInDiffClassUsingAdactinHotel -->
