<?xml version="1.0" encoding="UTF-8" standalone="no"?>
<testsuite errors="0" failures="0" name="io.cucumber.core.plugin.JUnitFormatter" skipped="0" tests="1" time="0.323">
    <testcase classname="verifying Amazon login details" name="Verifying Amazon with valid data" time="0.033">
        <system-out><![CDATA[Given User is on the Amazon login page......................................passed
When User should perform login..............................................passed
Then User should verify after login.........................................passed
]]></system-out>
    </testcase>
</testsuite>
